<?xml version="1.0" encoding="UTF-8"?>
<testng-results skipped="0" failed="0" ignored="0" total="1" passed="1">
  <reporter-output>
  </reporter-output>
  <suite name="Suite1" duration-ms="89602" started-at="2020-03-11T11:31:34 IST" finished-at="2020-03-11T11:33:03 IST">
    <groups>
    </groups>
    <test name="Test1" duration-ms="89602" started-at="2020-03-11T11:31:34 IST" finished-at="2020-03-11T11:33:03 IST">
      <class name="TestScript.Amazon_TestCases">
        <test-method status="PASS" signature="driversetUp(java.lang.String, java.lang.String, java.lang.String, java.lang.String, java.lang.String)[pri:0, instance:TestScript.Amazon_TestCases@569cfc36]" name="driversetUp" is-config="true" duration-ms="13068" started-at="2020-03-11T11:31:34 IST" finished-at="2020-03-11T11:31:47 IST">
          <params>
            <param index="0">
              <value>
                <![CDATA[ce0916091a535e1605]]>
              </value>
            </param>
            <param index="1">
              <value>
                <![CDATA[7.0]]>
              </value>
            </param>
            <param index="2">
              <value>
                <![CDATA[Android]]>
              </value>
            </param>
            <param index="3">
              <value>
                <![CDATA[com.amazon.mShop.android.shopping]]>
              </value>
            </param>
            <param index="4">
              <value>
                <![CDATA[com.amazon.mShop.splashscreen.StartupActivity]]>
              </value>
            </param>
          </params>
          <reporter-output>
          </reporter-output>
        </test-method> <!-- driversetUp -->
        <test-method status="PASS" signature="tc001_LoginAndCartOperation()[pri:0, instance:TestScript.Amazon_TestCases@569cfc36]" name="tc001_LoginAndCartOperation" duration-ms="72945" started-at="2020-03-11T11:31:47 IST" finished-at="2020-03-11T11:33:00 IST">
          <reporter-output>
          </reporter-output>
        </test-method> <!-- tc001_LoginAndCartOperation -->
        <test-method status="PASS" signature="listenerResultFlow_driverTearDown(org.testng.ITestResult)[pri:0, instance:TestScript.Amazon_TestCases@569cfc36]" name="listenerResultFlow_driverTearDown" is-config="true" duration-ms="3544" started-at="2020-03-11T11:33:00 IST" finished-at="2020-03-11T11:33:03 IST">
          <params>
            <param index="0">
              <value>
                <![CDATA[[TestResult name=tc001_LoginAndCartOperation status=SUCCESS method=Amazon_TestCases.tc001_LoginAndCartOperation()[pri:0, instance:TestScript.Amazon_TestCases@569cfc36] output={null}]]]>
              </value>
            </param>
          </params>
          <reporter-output>
          </reporter-output>
        </test-method> <!-- listenerResultFlow_driverTearDown -->
      </class> <!-- TestScript.Amazon_TestCases -->
    </test> <!-- Test1 -->
  </suite> <!-- Suite1 -->
</testng-results>
